{
  "RSpec": {
    "coverage": {
      "/Users/student/Projects/MarsRover/spec/Coordinates_spec.rb": {
        "lines": [
          null,
          null,
          null,
          null,
          null,
          null,
          null,
          null,
          null,
          null,
          null,
          null,
          null,
          null,
          null
        ]
      },
      "/Users/student/Projects/MarsRover/spec/Roversposition_spec.rb": {
        "lines": [
          null,
          null,
          null,
          null,
          null,
          null,
          null,
          null,
          null,
          null,
          null,
          null,
          null,
          null,
          null,
          null
        ]
      },
      "/Users/student/Projects/MarsRover/spec/rover_spec.rb": {
        "lines": [
          1,
          null,
          1,
          1,
          null,
          1,
          1,
          1,
          1,
          1,
          null,
          null,
          1,
          1,
          1,
          1,
          null,
          null,
          1,
          1,
          2,
          null,
          null,
          1,
          1,
          1,
          1,
          null,
          null,
          1,
          1,
          2,
          null,
          null,
          1,
          1,
          2,
          null,
          null
        ]
      },
      "/Users/student/Projects/MarsRover/lib/Rover.rb": {
        "lines": [
          1,
          1,
          1,
          null,
          1,
          6,
          6,
          6,
          null,
          null,
          1,
          3,
          2,
          null,
          1,
          null,
          null,
          1,
          2,
          2,
          null,
          1,
          null,
          null,
          1,
          3,
          null,
          null,
          1,
          3,
          null,
          null,
          1,
          5,
          null,
          null
        ]
      }
    },
    "timestamp": 1598636847
  }
}
